<?xml version="1.0" encoding="UTF-8"?>
<testsuite xmlns:xsi="http://www.w3.org/2001/XMLSchema-instance" xsi:noNamespaceSchemaLocation="https://maven.apache.org/surefire/maven-surefire-plugin/xsd/surefire-test-report-3.0.xsd" version="3.0" name="ai.tecton.client.transport.TectonHttpClientTest" time="0.361" tests="6" errors="0" skipped="0" failures="0">
  <properties>
[...]
</properties>
  <testcase name="testDefaultTectonRequest" classname="ai.tecton.client.transport.TectonHttpClientTest" time="0.159"/>
  <testcase name="testDefaultHttpClient" classname="ai.tecton.client.transport.TectonHttpClientTest" time="0.001"/>
  <testcase name="testParallelRequestsWithDefaultClient" classname="ai.tecton.client.transport.TectonHttpClientTest" time="0.124"/>
  <testcase name="testParallelRequestWithTimeout" classname="ai.tecton.client.transport.TectonHttpClientTest" time="0.016"/>
  <testcase name="testClientWithTectonOptions" classname="ai.tecton.client.transport.TectonHttpClientTest" time="0.002"/>
  <testcase name="testParallelRequestsWithPartialErrorResponses" classname="ai.tecton.client.transport.TectonHttpClientTest" time="0.031"/>
</testsuite>
